[2026-03-07 21:49:56.354] [D] onCreate
[2026-03-07 21:49:56.414] [D] refreshInfo start isInstalled=false
[2026-03-07 21:49:59.557] [D] install DONE isInstalled=true actDestroyed=false
[2026-03-07 21:49:59.558] [D] install SUCCESS
[2026-03-07 21:49:59.610] [E] UncaughtException thread=main
java.lang.IllegalStateException: Vertically scrollable component was measured with an infinity maximum height constraints, which is disallowed. One of the common reasons is nesting layouts like LazyColumn and Column(Modifier.verticalScroll()). If you want to add a header before the list of items please add a header as a separate item() before the main items() inside the LazyColumn scope. There could be other reasons for this to happen: your ComposeView was added into a LinearLayout with some weight, you applied Modifier.wrapContentSize(unbounded = true) or wrote a custom layout. Please try to remove the source of infinite constraints in the hierarchy above the scrolling container.
	at androidx.compose.foundation.internal.InlineClassHelperKt.throwIllegalStateException(InlineClassHelper.kt:26)
	at androidx.compose.foundation.CheckScrollableContainerConstraintsKt.checkScrollableContainerConstraints-K40F9xA(CheckScrollableContainerConstraints.kt:60)
	at androidx.compose.foundation.lazy.grid.LazyGridKt$rememberLazyGridMeasurePolicy$1$1.invoke-0kLqBqw(LazyGrid.kt:194)
	at androidx.compose.foundation.lazy.grid.LazyGridKt$rememberLazyGridMeasurePolicy$1$1.invoke(LazyGrid.kt:190)
	at androidx.compose.foundation.lazy.layout.LazyLayoutKt$LazyLayout$1$2$1.invoke-0kLqBqw(LazyLayout.kt:78)
	at androidx.compose.foundation.lazy.layout.LazyLayoutKt$LazyLayout$1$2$1.invoke(LazyLayout.kt:76)
	at androidx.compose.ui.layout.LayoutNodeSubcompositionsState$createMeasurePolicy$1.measure-3p2s80s(SubcomposeLayout.kt:754)
	at androidx.compose.ui.node.InnerNodeCoordinator.measure-BRTryo0(InnerNodeCoordinator.kt:128)
	at androidx.compose.ui.graphics.SimpleGraphicsLayerModifier.measure-3p2s80s(GraphicsLayerModifier.kt:642)
	at androidx.compose.ui.node.LayoutModifierNodeCoordinator.measure-BRTryo0(LayoutModifierNodeCoordinator.kt:190)
	at androidx.compose.foundation.layout.FillNode.measure-3p2s80s(Size.kt:721)
	at androidx.compose.ui.node.LayoutModifierNodeCoordinator.measure-BRTryo0(LayoutModifierNodeCoordinator.kt:190)
	at androidx.compose.ui.node.MeasurePassDelegate$performMeasureBlock$1.invoke(MeasurePassDelegate.kt:171)
	at androidx.compose.ui.node.MeasurePassDelegate$performMeasureBlock$1.invoke(MeasurePassDelegate.kt:170)
	at androidx.compose.runtime.snapshots.Snapshot$Companion.observe(Snapshot.kt:501)
	at androidx.compose.runtime.snapshots.SnapshotStateObserver$ObservedScopeMap.observe(SnapshotStateObserver.kt:460)
	at androidx.compose.runtime.snapshots.SnapshotStateObserver.observeReads(SnapshotStateObserver.kt:244)
	at androidx.compose.ui.node.OwnerSnapshotObserver.observeReads$ui_release(OwnerSnapshotObserver.kt:124)
	at androidx.compose.ui.node.OwnerSnapshotObserver.observeMeasureSnapshotReads$ui_release(OwnerSnapshotObserver.kt:107)
	at androidx.compose.ui.node.MeasurePassDelegate.performMeasure-BRTryo0$ui_release(MeasurePassDelegate.kt:424)
	at androidx.compose.ui.node.MeasurePassDelegate.remeasure-BRTryo0(MeasurePassDelegate.kt:472)
	at androidx.compose.ui.node.MeasurePassDelegate.measure-BRTryo0(MeasurePassDelegate.kt:452)
	at androidx.compose.foundation.layout.RowColumnMeasurePolicyKt.measure(RowColumnMeasurePolicy.kt:126)
	at androidx.compose.foundation.layout.RowColumnMeasurePolicyKt.measure$default(RowColumnMeasurePolicy.kt:77)
	at androidx.compose.foundation.layout.ColumnMeasurePolicy.measure-3p2s80s(Column.kt:208)
	at androidx.compose.ui.node.InnerNodeCoordinator.measure-BRTryo0(InnerNodeCoordinator.kt:128)
	at androidx.compose.foundation.layout.PaddingNode.measure-3p2s80s(Padding.kt:401)
	at androidx.compose.ui.node.LayoutModifierNodeCoordinator.measure-BRTryo0(LayoutModifierNodeCoordinator.kt:190)
	at androidx.compose.foundation.layout.FillNode.measure-3p2s80s(Size.kt:721)
	at androidx.compose.ui.node.LayoutModifierNodeCoordinator.measure-BRTryo0(LayoutModifierNodeCoordinator.kt:190)
	at androidx.compose.ui.node.MeasurePassDelegate$performMeasureBlock$1.invoke(MeasurePassDelegate.kt:171)
	at androidx.compose.ui.node.MeasurePassDelegate$performMeasureBlock$1.invoke(MeasurePassDelegate.kt:170)
	at androidx.compose.runtime.snapshots.Snapshot$Companion.observe(Snapshot.kt:501)
	at androidx.compose.runtime.snapshots.SnapshotStateObserver$ObservedScopeMap.observe(SnapshotStateObserver.kt:460)
	at androidx.compose.runtime.snapshots.SnapshotStateObserver.observeReads(SnapshotStateObserver.kt:244)
	at androidx.compose.ui.node.OwnerSnapshotObserver.observeReads$ui_release(OwnerSnapshotObserver.kt:124)
	at androidx.compose.ui.node.OwnerSnapshotObserver.observeMeasureSnapshotReads$ui_release(OwnerSnapshotObserver.kt:107)
	at androidx.compose.ui.node.MeasurePassDelegate.performMeasure-BRTryo0$ui_release(MeasurePassDelegate.kt:424)
	at androidx.compose.ui.node.MeasurePassDelegate.remeasure-BRTryo0(MeasurePassDelegate.kt:472)
	at androidx.compose.ui.node.MeasurePassDelegate.measure-BRTryo0(MeasurePassDelegate.kt:452)
	at androidx.compose.foundation.layout.RowColumnMeasurePolicyKt.measure(RowColumnMeasurePolicy.kt:126)
	at androidx.compose.foundation.layout.RowColumnMeasurePolicyKt.measure$default(RowColumnMeasurePolicy.kt:77)
	at androidx.compose.foundation.layout.ColumnMeasurePolicy.measure-3p2s80s(Column.kt:208)
	at androidx.compose.ui.node.InnerNodeCoordinator.measure-BRTryo0(InnerNodeCoordinator.kt:128)
	at androidx.compose.foundation.layout.PaddingNode.measure-3p2s80s(Padding.kt:401)
	at androidx.compose.ui.node.LayoutModifierNodeCoordinator.measure-BRTryo0(LayoutModifierNodeCoordinator.kt:190)
	at androidx.compose.foundation.ScrollNode.measure-3p2s80s(Scroll.kt:415)
	at androidx.compose.ui.node.LayoutModifierNodeCoordinator.measure-BRTryo0(LayoutModifierNodeCoordinator.kt:190)
	at androidx.compose.ui.graphics.SimpleGraphicsLayerModifier.measure-3p2s80s(GraphicsLayerModifier.kt:642)
	at androidx.compose.ui.node.LayoutModifierNodeCoordinator.measure-BRTryo0(LayoutModifierNodeCoordinator.kt:190)
	at androidx.compose.foundation.layout.FillNode.measure-3p2s80s(Size.kt:721)
	at androidx.compose.ui.node.LayoutModifierNodeCoordinator.measure-BRTryo0(LayoutModifierNodeCoordinator.kt:190)
	at androidx.compose.ui.node.MeasurePassDelegate$performMeasureBlock$1.invoke(MeasurePassDelegate.kt:171)
	at androidx.compose.ui.node.MeasurePassDelegate$performMeasureBlock$1.invoke(MeasurePassDelegate.kt:170)
	at androidx.compose.runtime.snapshots.Snapshot$Companion.observe(Snapshot.kt:2496)
	at androidx.compose.runtime.snapshots.SnapshotStateObserver$ObservedScopeMap.observe(SnapshotStateObserver.kt:460)
	at androidx.compose.runtime.snapshots.SnapshotStateObserver.observeReads(SnapshotStateObserver.kt:244)
	at androidx.compose.ui.node.OwnerSnapshotObserver.observeReads$ui_release(OwnerSnapshotObserver.kt:124)
	at androidx.compose.ui.node.OwnerSnapshotObserver.observeMeasureSnapshotReads$ui_release(OwnerSnapshotObserver.kt:107)
	at androidx.compose.ui.node.MeasurePassDelegate.performMeasure-BRTryo0$ui_release(MeasurePassDelegate.kt:424)
	at androidx.compose.ui.node.MeasurePassDelegate.remeasure-BRTryo0(MeasurePassDelegate.kt:472)
	at androidx.compose.ui.node.LayoutNode.remeasure-_Sx5XlM$ui_release(LayoutNode.kt:1212)
	at androidx.compose.ui.node.LayoutNode.remeasure-_Sx5XlM$ui_release$default(LayoutNode.kt:1205)
	at androidx.compose.ui.node.MeasureAndLayoutDelegate.doRemeasure-sdFAvZA(MeasureAndLayoutDelegate.kt:369)
	at androidx.compose.ui.node.MeasureAndLayoutDelegate.remeasureAndRelayoutIfNeeded(MeasureAndLayoutDelegate.kt:569)
	at androidx.compose.ui.node.MeasureAndLayoutDelegate.remeasureAndRelayoutIfNeeded$default(MeasureAndLayoutDelegate.kt:535)
	at androidx.compose.ui.node.MeasureAndLayoutDelegate.measureAndLayout(MeasureAndLayoutDelegate.kt:390)
	at androidx.compose.ui.platform.AndroidComposeView.measureAndLayout(AndroidComposeView.android.kt:1541)
	at androidx.compose.ui.node.Owner.measureAndLayout$default(Owner.kt:252)
	at androidx.compose.ui.platform.AndroidComposeView.dispatchDraw(AndroidComposeView.android.kt:1889)
	at android.view.View.draw(View.java:23021)
	at android.view.View.updateDisplayListIfDirty(View.java:21885)
	at android.view.ViewGroup.recreateChildDisplayList(ViewGroup.java:4526)
	at android.view.ViewGroup.dispatchGetDisplayList(ViewGroup.java:4499)
	at android.view.View.updateDisplayListIfDirty(View.java:21838)
	at android.view.ViewGroup.recreateChildDisplayList(ViewGroup.java:4526)
	at android.view.ViewGroup.dispatchGetDisplayList(ViewGroup.java:4499)
	at android.view.View.updateDisplayListIfDirty(View.java:21838)
	at android.view.ViewGroup.recreateChildDisplayList(ViewGroup.java:4526)
	at android.view.ViewGroup.dispatchGetDisplayList(ViewGroup.java:4499)
	at android.view.View.updateDisplayListIfDirty(View.java:21838)
	at android.view.ViewGroup.recreateChildDisplayList(ViewGroup.java:4526)
	at android.view.ViewGroup.dispatchGetDisplayList(ViewGroup.java:4499)
	at android.view.View.updateDisplayListIfDirty(View.java:21838)
	at android.view.ThreadedRenderer.updateViewTreeDisplayList(ThreadedRenderer.java:534)
	at android.view.ThreadedRenderer.updateRootDisplayList(ThreadedRenderer.java:542)
	at android.view.ThreadedRenderer.draw(ThreadedRenderer.java:625)
	at android.view.ViewRootImpl.draw(ViewRootImpl.java:4657)
	at android.view.ViewRootImpl.performDraw(ViewRootImpl.java:4375)
	at android.view.ViewRootImpl.performTraversals(ViewRootImpl.java:3486)
	at android.view.ViewRootImpl.doTraversal(ViewRootImpl.java:2277)
	at android.view.ViewRootImpl$TraversalRunnable.run(ViewRootImpl.java:9037)
	at android.view.Choreographer$CallbackRecord.run(Choreographer.java:1142)
	at android.view.Choreographer.doCallbacks(Choreographer.java:946)
	at android.view.Choreographer.doFrame(Choreographer.java:875)
	at android.view.Choreographer$FrameDisplayEventReceiver.run(Choreographer.java:1127)
	at android.os.Handler.handleCallback(Handler.java:938)
	at android.os.Handler.dispatchMessage(Handler.java:99)
	at android.os.Looper.loopOnce(Looper.java:210)
	at android.os.Looper.loop(Looper.java:299)
	at android.app.ActivityThread.main(ActivityThread.java:8293)
	at java.lang.reflect.Method.invoke(Native Method)
	at com.android.internal.os.RuntimeInit$MethodAndArgsCaller.run(RuntimeInit.java:556)
	at com.android.internal.os.ZygoteInit.main(ZygoteInit.java:1045)

